0 info it worked if it ends with ok
1 verbose cli [ 'C:\\Program Files\\nodejs\\node.exe',
1 verbose cli   'C:\\Program Files\\nodejs\\node_modules\\npm\\bin\\npm-cli.js',
1 verbose cli   'start' ]
2 info using npm@3.5.3
3 info using node@v4.2.4
4 verbose run-script [ 'prestart', 'start', 'poststart' ]
5 info lifecycle node-curl-api@0.0.0~prestart: node-curl-api@0.0.0
6 silly lifecycle node-curl-api@0.0.0~prestart: no script for prestart, continuing
7 info lifecycle node-curl-api@0.0.0~start: node-curl-api@0.0.0
8 verbose lifecycle node-curl-api@0.0.0~start: unsafe-perm in lifecycle true
9 verbose lifecycle node-curl-api@0.0.0~start: PATH: C:\Program Files\nodejs\node_modules\npm\bin\node-gyp-bin;D:\node-curl-api\node-curl-api\node_modules\.bin;C:\ProgramData\Oracle\Java\javapath;C:\Windows\system32;C:\Windows;C:\Windows\System32\Wbem;C:\Windows\System32\WindowsPowerShell\v1.0\;C:\Program Files (x86)\QuickTime\QTSystem\;C:\Python27\;C:\Python27\Scripts;C:\Program Files (x86)\Heroku\bin;C:\Program Files (x86)\git\cmd;C:\Program Files (x86)\Microsoft SQL Server\100\Tools\Binn\;C:\Program Files\Microsoft SQL Server\100\Tools\Binn\;C:\Program Files\Microsoft SQL Server\100\DTS\Binn\;C:\Program Files\Microsoft SQL Server\110\Tools\Binn\;C:\Program Files\MongoDB\Server\3.2\bin;C:\Program Files\nodejs\;C:\Users\kai.wu\AppData\Local\Google\Cloud SDK\google-cloud-sdk\bin;C:\Users\kai.wu\AppData\Roaming\npm
10 verbose lifecycle node-curl-api@0.0.0~start: CWD: D:\node-curl-api\node-curl-api
11 silly lifecycle node-curl-api@0.0.0~start: Args: [ '/d /s /c', 'node ./bin/www' ]
12 silly lifecycle node-curl-api@0.0.0~start: Returned: code: 1  signal: null
13 info lifecycle node-curl-api@0.0.0~start: Failed to exec start script
14 verbose stack Error: node-curl-api@0.0.0 start: `node ./bin/www`
14 verbose stack Exit status 1
14 verbose stack     at EventEmitter.<anonymous> (C:\Program Files\nodejs\node_modules\npm\lib\utils\lifecycle.js:232:16)
14 verbose stack     at emitTwo (events.js:87:13)
14 verbose stack     at EventEmitter.emit (events.js:172:7)
14 verbose stack     at ChildProcess.<anonymous> (C:\Program Files\nodejs\node_modules\npm\lib\utils\spawn.js:24:14)
14 verbose stack     at emitTwo (events.js:87:13)
14 verbose stack     at ChildProcess.emit (events.js:172:7)
14 verbose stack     at maybeClose (internal/child_process.js:818:16)
14 verbose stack     at Process.ChildProcess._handle.onexit (internal/child_process.js:211:5)
15 verbose pkgid node-curl-api@0.0.0
16 verbose cwd D:\node-curl-api\node-curl-api
17 error Windows_NT 6.1.7601
18 error argv "C:\\Program Files\\nodejs\\node.exe" "C:\\Program Files\\nodejs\\node_modules\\npm\\bin\\npm-cli.js" "start"
19 error node v4.2.4
20 error npm  v3.5.3
21 error code ELIFECYCLE
22 error node-curl-api@0.0.0 start: `node ./bin/www`
22 error Exit status 1
23 error Failed at the node-curl-api@0.0.0 start script 'node ./bin/www'.
23 error Make sure you have the latest version of node.js and npm installed.
23 error If you do, this is most likely a problem with the node-curl-api package,
23 error not with npm itself.
23 error Tell the author that this fails on your system:
23 error     node ./bin/www
23 error You can get information on how to open an issue for this project with:
23 error     npm bugs node-curl-api
23 error Or if that isn't available, you can get their info via:
23 error     npm owner ls node-curl-api
23 error There is likely additional logging output above.
24 verbose exit [ 1, true ]
